
=== Tue Aug 13 16:40:13 2024

Packages were changed.
Update Mode: mergeDefaultDependencies

The following packages were added:
  com.unity.modules.ai@1.0.0
  com.unity.modules.androidjni@1.0.0
  com.unity.modules.animation@1.0.0
  com.unity.modules.assetbundle@1.0.0
  com.unity.modules.audio@1.0.0
  com.unity.modules.cloth@1.0.0
  com.unity.modules.director@1.0.0
  com.unity.modules.imageconversion@1.0.0
  com.unity.modules.imgui@1.0.0
  com.unity.modules.jsonserialize@1.0.0
  com.unity.modules.particlesystem@1.0.0
  com.unity.modules.physics@1.0.0
  com.unity.modules.physics2d@1.0.0
  com.unity.modules.screencapture@1.0.0
  com.unity.modules.terrain@1.0.0
  com.unity.modules.terrainphysics@1.0.0
  com.unity.modules.tilemap@1.0.0
  com.unity.modules.ui@1.0.0
  com.unity.modules.uielements@1.0.0
  com.unity.modules.umbra@1.0.0
  com.unity.modules.unityanalytics@1.0.0
  com.unity.modules.unitywebrequest@1.0.0
  com.unity.modules.unitywebrequestassetbundle@1.0.0
  com.unity.modules.unitywebrequestaudio@1.0.0
  com.unity.modules.unitywebrequesttexture@1.0.0
  com.unity.modules.unitywebrequestwww@1.0.0
  com.unity.modules.vehicles@1.0.0
  com.unity.modules.video@1.0.0
  com.unity.modules.vr@1.0.0
  com.unity.modules.wind@1.0.0
  com.unity.modules.xr@1.0.0
  com.unity.modules.accessibility@1.0.0
The following packages were updated:
  com.unity.collab-proxy from version 1.13.5 to 2.2.0
  com.unity.feature.development from version 1.0.1 to 1.0.2
  com.unity.timeline from version 1.6.2 to 1.8.6
  com.unity.visualscripting from version 1.7.6 to 1.8.0

=== Tue Aug 13 16:47:51 2024

Packages were changed.
Update Mode: updateDependencies

The following packages were updated:
  com.unity.ai.navigation from version 1.1.4 to 2.0.0
  com.unity.burst from version 1.8.8 to 1.8.12
  com.unity.ext.nunit from version 1.0.6 to 2.0.5
  com.unity.probuilder from version 5.1.1 to 5.2.2
  com.unity.render-pipelines.core from version 14.0.7 to 16.0.5
  com.unity.render-pipelines.universal from version 14.0.7 to 16.0.5
  com.unity.timeline from version 1.7.5 to 1.8.6
  com.unity.ugui from version 1.0.0 to 2.0.0
The following packages were removed:
  com.unity.textmeshpro@3.0.6

=== Tue Aug 13 16:47:52 2024

Packages were changed.
Update Mode: mergeDefaultDependencies

The following packages were added:
  com.unity.ai.navigation@2.0.0
  com.unity.barracuda@3.0.0
  com.unity.burst@1.8.12
  com.unity.cinemachine@2.9.7
  com.unity.connect.share@4.2.3
  com.unity.editorcoroutines@1.0.0
  com.unity.ext.nunit@2.0.5
  com.unity.learn.iet-framework@3.1.3
  com.unity.mathematics@1.2.6
  com.unity.ml-agents@2.0.1
  com.unity.probuilder@5.2.2
  com.unity.render-pipelines.core@16.0.5
  com.unity.render-pipelines.universal@16.0.5

=== Mon Jun  1 19:52:13 2026

Packages were changed.
Update Mode: updateDependencies

The following packages were added:
  com.unity.multiplayer.center@1.0.0
The following packages were updated:
  com.unity.ai.navigation from version 2.0.0 to 2.0.12
  com.unity.burst from version 1.8.12 to 1.8.29
  com.unity.cinemachine from version 2.9.7 to 2.10.7
  com.unity.collab-proxy from version 2.4.4 to 2.12.4
  com.unity.editorcoroutines from version 1.0.0 to 1.1.0
  com.unity.learn.iet-framework from version 3.1.3 to 4.0.4
  com.unity.mathematics from version 1.2.6 to 1.3.2
  com.unity.probuilder from version 5.2.2 to 6.0.9
  com.unity.render-pipelines.core from version 16.0.5 to 17.0.4
  com.unity.render-pipelines.universal from version 16.0.5 to 17.0.4
  com.unity.timeline from version 1.8.6 to 1.8.12
  com.unity.visualscripting from version 1.8.0 to 1.9.11
